[32m2026-06-21 00:38:00 +0100[0m - dagster - [34mDEBUG[0m - retail_pipeline_automation_job - a3bc3a58-1dbc-4a70-a04a-4b1072229c7c - 540630 - LOGS_CAPTURED - Capturing logs for process (pid: 540630).
[32m2026-06-21 00:38:01 +0100[0m - dagster - [34mDEBUG[0m - retail_pipeline_automation_job - a3bc3a58-1dbc-4a70-a04a-4b1072229c7c - 540630 - run_dbt_transformations_op - STEP_START - Started execution of step "run_dbt_transformations_op".
[32m2026-06-21 00:38:06 +0100[0m - dagster - [34mINFO[0m - retail_pipeline_automation_job - a3bc3a58-1dbc-4a70-a04a-4b1072229c7c - run_dbt_transformations_op - Copying `/home/dragonstone/Data-Engineering-Projects/retail-analytics-pipeline/transform_dbt/target/partial_parse.msgpack` to `/home/dragonstone/Data-Engineering-Projects/retail-analytics-pipeline/transform_dbt/target/run_dbt_transformations_op-a3bc3a5-66886bc/partial_parse.msgpack` to take advantage of partial parsing.
[32m2026-06-21 00:38:06 +0100[0m - dagster - [34mINFO[0m - retail_pipeline_automation_job - a3bc3a58-1dbc-4a70-a04a-4b1072229c7c - run_dbt_transformations_op - Running dbt command: `dbt run`.
[32m2026-06-21 00:38:10 +0100[0m - dagster - [34mINFO[0m - retail_pipeline_automation_job - a3bc3a58-1dbc-4a70-a04a-4b1072229c7c - run_dbt_transformations_op - Finished dbt command: `dbt run`.
[32m2026-06-21 00:38:10 +0100[0m - dagster - [34mERROR[0m - [31mretail_pipeline_automation_job - a3bc3a58-1dbc-4a70-a04a-4b1072229c7c - 540630 - run_dbt_transformations_op - STEP_FAILURE - Execution of step "run_dbt_transformations_op" failed.

dagster_dbt.errors.DagsterDbtCliRuntimeError: The dbt CLI process with command

`dbt run`

failed with exit code `1`. Check the stdout in the Dagster compute logs for the full information about the error, or view the dbt debug log: /home/dragonstone/Data-Engineering-Projects/retail-analytics-pipeline/transform_dbt/target/run_dbt_transformations_op-a3bc3a5-66886bc/dbt.log.

Errors parsed from dbt logs:

2 of 2 ERROR creating sql table model `retail_analyticsdb`.`mart_location_performance`  [[31mERROR[0m in 0.11s]

[31mFailure in model mart_location_performance (models/gold/mart_location_performance.sql)[0m

  Database Error in model mart_location_performance (models/gold/mart_location_performance.sql)
  Received ClickHouse exception, code: 62, server response: Code: 62. DB::Exception: Syntax error: failed at position 858 (`retail_analyticsdb`) (line 33, col 6): `retail_analyticsdb`.`stg_transactions`
  GROUP BY 
      store_location, 
      product_category,
      transaction_timestamp
            )
          
          . Expected one of: token sequence, Dot, token, OR, AND, IS NOT DISTINCT FROM, IS DISTINCT FROM, IS NOT UNKNOWN, IS UNKNOWN, IS NOT FALSE, IS FALSE, IS NOT TRUE, IS TRUE, IS NULL, IS NOT NULL, BETWEEN, NOT BETWEEN, LIKE, ILIKE, NOT LIKE, NOT ILIKE, REGEXP, IN, NOT IN, GLOBAL IN, GLOBAL NOT IN, MOD, DIV, alias, AS, Comma, FROM, PREWHERE, WHERE, GROUP BY, WITH, HAVING, WINDOW, QUALIFY, ORDER BY, LIMIT, OFFSET, FETCH, SETTINGS, UNION, EXCEPT, INTERSECT. (SYNTAX_ERROR) (for url http://127.0.0.1:8123)

Stack Trace:
  File "/home/dragonstone/Data-Engineering-Projects/retail-analytics-pipeline/venv/lib/python3.12/site-packages/dagster/_core/execution/plan/execute_plan.py", line 243, in dagster_event_sequence_for_step
    yield from check.generator(step_events)
  File "/home/dragonstone/Data-Engineering-Projects/retail-analytics-pipeline/venv/lib/python3.12/site-packages/dagster/_core/execution/plan/execute_step.py", line 505, in core_dagster_event_sequence_for_step
    for user_event in _step_output_error_checked_user_event_sequence(
                      ^^^^^^^^^^^^^^^^^^^^^^^^^^^^^^^^^^^^^^^^^^^^^^^
  File "/home/dragonstone/Data-Engineering-Projects/retail-analytics-pipeline/venv/lib/python3.12/site-packages/dagster/_core/execution/plan/execute_step.py", line 184, in _step_output_error_checked_user_event_sequence
    for user_event in user_event_sequence:
                      ^^^^^^^^^^^^^^^^^^^
  File "/home/dragonstone/Data-Engineering-Projects/retail-analytics-pipeline/venv/lib/python3.12/site-packages/dagster/_core/execution/plan/execute_step.py", line 88, in _process_asset_results_to_events
    for user_event in user_event_sequence:
                      ^^^^^^^^^^^^^^^^^^^
  File "/home/dragonstone/Data-Engineering-Projects/retail-analytics-pipeline/venv/lib/python3.12/site-packages/dagster/_core/execution/plan/compute.py", line 188, in execute_core_compute
    for step_output in _yield_compute_results(step_context, inputs, compute_fn, compute_context):
                       ^^^^^^^^^^^^^^^^^^^^^^^^^^^^^^^^^^^^^^^^^^^^^^^^^^^^^^^^^^^^^^^^^^^^^^^^^
  File "/home/dragonstone/Data-Engineering-Projects/retail-analytics-pipeline/venv/lib/python3.12/site-packages/dagster/_core/execution/plan/compute.py", line 157, in _yield_compute_results
    for event in iterate_with_context(
                 ^^^^^^^^^^^^^^^^^^^^^
  File "/home/dragonstone/Data-Engineering-Projects/retail-analytics-pipeline/venv/lib/python3.12/site-packages/dagster/_utils/__init__.py", line 394, in iterate_with_context
    next_output = next(iterator)
                  ^^^^^^^^^^^^^^
  File "/home/dragonstone/Data-Engineering-Projects/retail-analytics-pipeline/venv/lib/python3.12/site-packages/dagster/_core/execution/plan/compute_generator.py", line 136, in _coerce_op_compute_fn_to_iterator
    result = invoke_compute_fn(
             ^^^^^^^^^^^^^^^^^^
  File "/home/dragonstone/Data-Engineering-Projects/retail-analytics-pipeline/venv/lib/python3.12/site-packages/dagster/_core/execution/plan/compute_generator.py", line 116, in invoke_compute_fn
    return fn(context, **args_to_pass) if context_arg_provided else fn(**args_to_pass)
           ^^^^^^^^^^^^^^^^^^^^^^^^^^^
  File "/home/dragonstone/Data-Engineering-Projects/retail-analytics-pipeline/orchestrator.py", line 49, in run_dbt_transformations_op
    dbt.cli(["run"], context=context).wait()
  File "/home/dragonstone/Data-Engineering-Projects/retail-analytics-pipeline/venv/lib/python3.12/site-packages/dagster_dbt/core/dbt_cli_invocation.py", line 216, in wait
    list(self.stream_raw_events())
  File "/home/dragonstone/Data-Engineering-Projects/retail-analytics-pipeline/venv/lib/python3.12/site-packages/dagster_dbt/core/dbt_cli_invocation.py", line 379, in stream_raw_events
    self._raise_on_error()
  File "/home/dragonstone/Data-Engineering-Projects/retail-analytics-pipeline/venv/lib/python3.12/site-packages/dagster_dbt/core/dbt_cli_invocation.py", line 470, in _raise_on_error
    raise error
[0m
