[32m2026-06-21 00:00:25 +0100[0m - dagster - [34mDEBUG[0m - retail_pipeline_automation_job - 09a9ce26-7928-43c7-936f-3d879bcb68e8 - 483261 - LOGS_CAPTURED - Capturing logs for process (pid: 483261).
[32m2026-06-21 00:00:25 +0100[0m - dagster - [34mDEBUG[0m - retail_pipeline_automation_job - 09a9ce26-7928-43c7-936f-3d879bcb68e8 - 483261 - run_dbt_transformations_op - STEP_START - Started execution of step "run_dbt_transformations_op".
[32m2026-06-21 00:00:30 +0100[0m - dagster - [34mINFO[0m - retail_pipeline_automation_job - 09a9ce26-7928-43c7-936f-3d879bcb68e8 - run_dbt_transformations_op - Copying `/home/dragonstone/Data-Engineering-Projects/retail-analytics-pipeline/transform_dbt/target/partial_parse.msgpack` to `/home/dragonstone/Data-Engineering-Projects/retail-analytics-pipeline/transform_dbt/target/run_dbt_transformations_op-09a9ce2-cf972fd/partial_parse.msgpack` to take advantage of partial parsing.
[32m2026-06-21 00:00:30 +0100[0m - dagster - [34mINFO[0m - retail_pipeline_automation_job - 09a9ce26-7928-43c7-936f-3d879bcb68e8 - run_dbt_transformations_op - Running dbt command: `dbt run`.
[32m2026-06-21 00:00:36 +0100[0m - dagster - [34mINFO[0m - retail_pipeline_automation_job - 09a9ce26-7928-43c7-936f-3d879bcb68e8 - run_dbt_transformations_op - Finished dbt command: `dbt run`.
[32m2026-06-21 00:00:36 +0100[0m - dagster - [34mERROR[0m - [31mretail_pipeline_automation_job - 09a9ce26-7928-43c7-936f-3d879bcb68e8 - 483261 - run_dbt_transformations_op - STEP_FAILURE - Execution of step "run_dbt_transformations_op" failed.

dagster_dbt.errors.DagsterDbtCliRuntimeError: The dbt CLI process with command

`dbt run`

failed with exit code `1`. Check the stdout in the Dagster compute logs for the full information about the error, or view the dbt debug log: /home/dragonstone/Data-Engineering-Projects/retail-analytics-pipeline/transform_dbt/target/run_dbt_transformations_op-09a9ce2-cf972fd/dbt.log.

Errors parsed from dbt logs:

2 of 2 ERROR creating sql table model `retail_analyticsdb`.`mart_location_performance`  [[31mERROR[0m in 0.14s]

[31mFailure in model mart_location_performance (models/gold/mart_location_performance.sql)[0m

  Database Error in model mart_location_performance (models/gold/mart_location_performance.sql)
  Received ClickHouse exception, code: 215, server response: Code: 215. DB::Exception: Column 'retail_analyticsdb.stg_transactions.transaction_timestamp' is not under aggregate function and not in GROUP BY keys. In query SELECT store_location, product_category, count(transaction_id) AS total_orders, sum(item_count) AS total_items_sold, sum(purchase_amount) AS total_revenue, round(avg(purchase_amount), 2) AS average_order_value, transaction_timestamp AS transaction_date FROM retail_analyticsdb.stg_transactions GROUP BY store_location, product_category. (NOT_AN_AGGREGATE) (for url http://127.0.0.1:8123)

Stack Trace:
  File "/home/dragonstone/Data-Engineering-Projects/retail-analytics-pipeline/venv/lib/python3.12/site-packages/dagster/_core/execution/plan/execute_plan.py", line 243, in dagster_event_sequence_for_step
    yield from check.generator(step_events)
  File "/home/dragonstone/Data-Engineering-Projects/retail-analytics-pipeline/venv/lib/python3.12/site-packages/dagster/_core/execution/plan/execute_step.py", line 505, in core_dagster_event_sequence_for_step
    for user_event in _step_output_error_checked_user_event_sequence(
                      ^^^^^^^^^^^^^^^^^^^^^^^^^^^^^^^^^^^^^^^^^^^^^^^
  File "/home/dragonstone/Data-Engineering-Projects/retail-analytics-pipeline/venv/lib/python3.12/site-packages/dagster/_core/execution/plan/execute_step.py", line 184, in _step_output_error_checked_user_event_sequence
    for user_event in user_event_sequence:
                      ^^^^^^^^^^^^^^^^^^^
  File "/home/dragonstone/Data-Engineering-Projects/retail-analytics-pipeline/venv/lib/python3.12/site-packages/dagster/_core/execution/plan/execute_step.py", line 88, in _process_asset_results_to_events
    for user_event in user_event_sequence:
                      ^^^^^^^^^^^^^^^^^^^
  File "/home/dragonstone/Data-Engineering-Projects/retail-analytics-pipeline/venv/lib/python3.12/site-packages/dagster/_core/execution/plan/compute.py", line 188, in execute_core_compute
    for step_output in _yield_compute_results(step_context, inputs, compute_fn, compute_context):
                       ^^^^^^^^^^^^^^^^^^^^^^^^^^^^^^^^^^^^^^^^^^^^^^^^^^^^^^^^^^^^^^^^^^^^^^^^^
  File "/home/dragonstone/Data-Engineering-Projects/retail-analytics-pipeline/venv/lib/python3.12/site-packages/dagster/_core/execution/plan/compute.py", line 157, in _yield_compute_results
    for event in iterate_with_context(
                 ^^^^^^^^^^^^^^^^^^^^^
  File "/home/dragonstone/Data-Engineering-Projects/retail-analytics-pipeline/venv/lib/python3.12/site-packages/dagster/_utils/__init__.py", line 394, in iterate_with_context
    next_output = next(iterator)
                  ^^^^^^^^^^^^^^
  File "/home/dragonstone/Data-Engineering-Projects/retail-analytics-pipeline/venv/lib/python3.12/site-packages/dagster/_core/execution/plan/compute_generator.py", line 136, in _coerce_op_compute_fn_to_iterator
    result = invoke_compute_fn(
             ^^^^^^^^^^^^^^^^^^
  File "/home/dragonstone/Data-Engineering-Projects/retail-analytics-pipeline/venv/lib/python3.12/site-packages/dagster/_core/execution/plan/compute_generator.py", line 116, in invoke_compute_fn
    return fn(context, **args_to_pass) if context_arg_provided else fn(**args_to_pass)
           ^^^^^^^^^^^^^^^^^^^^^^^^^^^
  File "/home/dragonstone/Data-Engineering-Projects/retail-analytics-pipeline/orchestrator.py", line 49, in run_dbt_transformations_op
    dbt.cli(["run"], context=context).wait()
  File "/home/dragonstone/Data-Engineering-Projects/retail-analytics-pipeline/venv/lib/python3.12/site-packages/dagster_dbt/core/dbt_cli_invocation.py", line 216, in wait
    list(self.stream_raw_events())
  File "/home/dragonstone/Data-Engineering-Projects/retail-analytics-pipeline/venv/lib/python3.12/site-packages/dagster_dbt/core/dbt_cli_invocation.py", line 379, in stream_raw_events
    self._raise_on_error()
  File "/home/dragonstone/Data-Engineering-Projects/retail-analytics-pipeline/venv/lib/python3.12/site-packages/dagster_dbt/core/dbt_cli_invocation.py", line 470, in _raise_on_error
    raise error
[0m
