[32m2026-06-21 13:00:09 +0100[0m - dagster - [34mDEBUG[0m - retail_pipeline_automation_job - 617dda4a-a986-4a07-b316-426abe520812 - 943703 - LOGS_CAPTURED - Capturing logs for process (pid: 943703).
[32m2026-06-21 13:00:09 +0100[0m - dagster - [34mDEBUG[0m - retail_pipeline_automation_job - 617dda4a-a986-4a07-b316-426abe520812 - 943703 - trigger_airbyte_sync_op - STEP_START - Started execution of step "trigger_airbyte_sync_op".
[32m2026-06-21 13:00:09 +0100[0m - dagster - [34mERROR[0m - [31mretail_pipeline_automation_job - 617dda4a-a986-4a07-b316-426abe520812 - 943703 - trigger_airbyte_sync_op - STEP_FAILURE - Execution of step "trigger_airbyte_sync_op" failed.

dagster._core.errors.DagsterExecutionStepExecutionError: Error occurred while executing op "trigger_airbyte_sync_op"::

requests.exceptions.ConnectionError: HTTPConnectionPool(host='localhost', port=8000): Max retries exceeded with url: /api/v1/connections/sync (Caused by NewConnectionError("HTTPConnection(host='localhost', port=8000): Failed to establish a new connection: [Errno 111] Connection refused"))

Stack Trace:
  File "/home/dragonstone/Data-Engineering-Projects/retail-analytics-pipeline/venv/lib/python3.12/site-packages/dagster/_core/execution/plan/utils.py", line 57, in op_execution_error_boundary
    yield
  File "/home/dragonstone/Data-Engineering-Projects/retail-analytics-pipeline/venv/lib/python3.12/site-packages/dagster/_utils/__init__.py", line 394, in iterate_with_context
    next_output = next(iterator)
                  ^^^^^^^^^^^^^^
  File "/home/dragonstone/Data-Engineering-Projects/retail-analytics-pipeline/venv/lib/python3.12/site-packages/dagster/_core/execution/plan/compute_generator.py", line 136, in _coerce_op_compute_fn_to_iterator
    result = invoke_compute_fn(
             ^^^^^^^^^^^^^^^^^^
  File "/home/dragonstone/Data-Engineering-Projects/retail-analytics-pipeline/venv/lib/python3.12/site-packages/dagster/_core/execution/plan/compute_generator.py", line 116, in invoke_compute_fn
    return fn(context, **args_to_pass) if context_arg_provided else fn(**args_to_pass)
                                                                    ^^^^^^^^^^^^^^^^^^
  File "/home/dragonstone/Data-Engineering-Projects/retail-analytics-pipeline/orchestrator.py", line 33, in trigger_airbyte_sync_op
    response = requests.post(airbyte_url, json=payload, auth=(airbyte_user, airbyte_pass))
               ^^^^^^^^^^^^^^^^^^^^^^^^^^^^^^^^^^^^^^^^^^^^^^^^^^^^^^^^^^^^^^^^^^^^^^^^^^^
  File "/home/dragonstone/Data-Engineering-Projects/retail-analytics-pipeline/venv/lib/python3.12/site-packages/requests/api.py", line 134, in post
    return request("post", url, data=data, json=json, **kwargs)
           ^^^^^^^^^^^^^^^^^^^^^^^^^^^^^^^^^^^^^^^^^^^^^^^^^^^^
  File "/home/dragonstone/Data-Engineering-Projects/retail-analytics-pipeline/venv/lib/python3.12/site-packages/requests/api.py", line 71, in request
    return session.request(method=method, url=url, **kwargs)
           ^^^^^^^^^^^^^^^^^^^^^^^^^^^^^^^^^^^^^^^^^^^^^^^^^
  File "/home/dragonstone/Data-Engineering-Projects/retail-analytics-pipeline/venv/lib/python3.12/site-packages/requests/sessions.py", line 651, in request
    resp = self.send(prep, **send_kwargs)
           ^^^^^^^^^^^^^^^^^^^^^^^^^^^^^^
  File "/home/dragonstone/Data-Engineering-Projects/retail-analytics-pipeline/venv/lib/python3.12/site-packages/requests/sessions.py", line 784, in send
    r = adapter.send(request, **kwargs)
        ^^^^^^^^^^^^^^^^^^^^^^^^^^^^^^^
  File "/home/dragonstone/Data-Engineering-Projects/retail-analytics-pipeline/venv/lib/python3.12/site-packages/requests/adapters.py", line 729, in send
    raise ConnectionError(e, request=request)

The above exception occurred during handling of the following exception:
urllib3.exceptions.MaxRetryError: HTTPConnectionPool(host='localhost', port=8000): Max retries exceeded with url: /api/v1/connections/sync (Caused by NewConnectionError("HTTPConnection(host='localhost', port=8000): Failed to establish a new connection: [Errno 111] Connection refused"))

Stack Trace:
  File "/home/dragonstone/Data-Engineering-Projects/retail-analytics-pipeline/venv/lib/python3.12/site-packages/requests/adapters.py", line 696, in send
    resp = conn.urlopen(
           ^^^^^^^^^^^^^
  File "/home/dragonstone/Data-Engineering-Projects/retail-analytics-pipeline/venv/lib/python3.12/site-packages/urllib3/connectionpool.py", line 842, in urlopen
    retries = retries.increment(
              ^^^^^^^^^^^^^^^^^^
  File "/home/dragonstone/Data-Engineering-Projects/retail-analytics-pipeline/venv/lib/python3.12/site-packages/urllib3/util/retry.py", line 543, in increment
    raise MaxRetryError(_pool, url, reason) from reason  # type: ignore[arg-type]
    ^^^^^^^^^^^^^^^^^^^^^^^^^^^^^^^^^^^^^^^^^^^^^^^^^^^

The above exception was caused by the following exception:
urllib3.exceptions.NewConnectionError: HTTPConnection(host='localhost', port=8000): Failed to establish a new connection: [Errno 111] Connection refused

Stack Trace:
  File "/home/dragonstone/Data-Engineering-Projects/retail-analytics-pipeline/venv/lib/python3.12/site-packages/urllib3/connectionpool.py", line 788, in urlopen
    response = self._make_request(
               ^^^^^^^^^^^^^^^^^^^
  File "/home/dragonstone/Data-Engineering-Projects/retail-analytics-pipeline/venv/lib/python3.12/site-packages/urllib3/connectionpool.py", line 493, in _make_request
    conn.request(
  File "/home/dragonstone/Data-Engineering-Projects/retail-analytics-pipeline/venv/lib/python3.12/site-packages/urllib3/connection.py", line 500, in request
    self.endheaders()
  File "/usr/lib/python3.12/http/client.py", line 1353, in endheaders
    self._send_output(message_body, encode_chunked=encode_chunked)
  File "/usr/lib/python3.12/http/client.py", line 1113, in _send_output
    self.send(msg)
  File "/usr/lib/python3.12/http/client.py", line 1057, in send
    self.connect()
  File "/home/dragonstone/Data-Engineering-Projects/retail-analytics-pipeline/venv/lib/python3.12/site-packages/urllib3/connection.py", line 331, in connect
    self.sock = self._new_conn()
                ^^^^^^^^^^^^^^^^
  File "/home/dragonstone/Data-Engineering-Projects/retail-analytics-pipeline/venv/lib/python3.12/site-packages/urllib3/connection.py", line 219, in _new_conn
    raise NewConnectionError(

The above exception was caused by the following exception:
ConnectionRefusedError: [Errno 111] Connection refused

Stack Trace:
  File "/home/dragonstone/Data-Engineering-Projects/retail-analytics-pipeline/venv/lib/python3.12/site-packages/urllib3/connection.py", line 204, in _new_conn
    sock = connection.create_connection(
           ^^^^^^^^^^^^^^^^^^^^^^^^^^^^^
  File "/home/dragonstone/Data-Engineering-Projects/retail-analytics-pipeline/venv/lib/python3.12/site-packages/urllib3/util/connection.py", line 85, in create_connection
    raise err
  File "/home/dragonstone/Data-Engineering-Projects/retail-analytics-pipeline/venv/lib/python3.12/site-packages/urllib3/util/connection.py", line 73, in create_connection
    sock.connect(sa)
[0m
